number,value,datetime_start,datetime_complete,duration,params_batch_size,params_ent_coef,params_false_weight,params_jump_weight,params_learning_rate,params_missed_weight,params_n_epochs,params_n_steps,state
199,7.48831772,2026-04-10 16:49:50.472786,2026-04-10 17:17:41.532437,0 days 00:27:51.059651,64,0.07158543254386804,0.9989515416487702,0.8784178856478455,1.2303496159544521e-05,1.1539255097922225,8,512,COMPLETE
