number,value,datetime_start,datetime_complete,duration,params_batch_size,params_ent_coef,params_false_weight,params_jump_weight,params_learning_rate,params_missed_weight,params_n_epochs,params_n_steps,state
98,3.5311696779727937,2026-03-21 22:42:46.731766,2026-03-21 22:54:51.345000,0 days 00:12:04.613234,128,0.0001703731125505917,0.2903581956903881,0.6205803349515104,0.0003041255187255134,1.1740785573983918,5,1024,COMPLETE
99,-5.068338694274425,2026-03-21 22:54:51.359760,2026-03-21 23:06:54.268445,0 days 00:12:02.908685,128,0.0002515906522687965,0.29801456407478205,0.20989319729383837,0.0003231918032631725,3.8337584601177275,6,1024,COMPLETE
100,2.4981507873535156,2026-03-21 23:58:56.452552,2026-03-22 00:11:01.851078,0 days 00:12:05.398526,128,0.00016121312042045885,0.475844267038259,0.6123979536797721,0.00026076296252231516,1.4743747545661268,5,1024,COMPLETE
