number,value,datetime_start,datetime_complete,duration,params_batch_size,params_ent_coef,params_false_weight,params_jump_weight,params_learning_rate,params_missed_weight,params_n_epochs,params_n_steps,state
99,-3.1571786499999996,2026-03-21 23:29:25.380126,2026-03-21 23:38:56.259709,0 days 00:09:30.879583,32,0.0025902311704390853,0.4884322830203729,0.3466125399197462,0.00011898921963038508,4.7509578284165945,5,1024,COMPLETE
100,-1.3690118099999997,2026-03-21 23:59:20.083220,2026-03-22 00:12:21.321019,0 days 00:13:01.237799,32,0.0026798681069756945,0.49863552998053845,0.2609554656502131,8.138977096443224e-05,1.5124329826282379,6,1024,COMPLETE
